\BOOKMARK [0][-]{chapter.1}{\376\377\000I\000n\000t\000r\000o\000d\000u\000c\000t\000i\000o\000n}{}% 1
\BOOKMARK [1][-]{section.1.1}{\376\377\000B\000a\000c\000k\000g\000r\000o\000u\000n\000d}{chapter.1}% 2
\BOOKMARK [2][-]{subsection.1.1.1}{\376\377\000T\000h\000e\000\040\000S\000t\000o\000r\000a\000g\000e\000\040\000C\000o\000s\000t\000\040\000P\000r\000o\000b\000l\000e\000m}{section.1.1}% 3
\BOOKMARK [1][-]{section.1.2}{\376\377\000M\000o\000t\000i\000v\000a\000t\000i\000o\000n}{chapter.1}% 4
\BOOKMARK [1][-]{section.1.3}{\376\377\000S\000c\000o\000p\000e\000\040\000a\000n\000d\000\040\000O\000b\000j\000e\000c\000t\000i\000v\000e\000s}{chapter.1}% 5
\BOOKMARK [0][-]{chapter.2}{\376\377\000P\000r\000o\000b\000l\000e\000m\000\040\000S\000t\000a\000t\000e\000m\000e\000n\000t}{}% 6
\BOOKMARK [1][-]{section.2.1}{\376\377\000E\000n\000t\000e\000r\000p\000r\000i\000s\000e\000\040\000D\000a\000t\000a\000\040\000C\000h\000a\000l\000l\000e\000n\000g\000e\000s}{chapter.2}% 7
\BOOKMARK [2][-]{subsection.2.1.1}{\376\377\000C\000h\000a\000l\000l\000e\000n\000g\000e\000\040\0001\000:\000\040\000S\000t\000o\000r\000a\000g\000e\000\040\000C\000o\000s\000t\000\040\000E\000x\000p\000l\000o\000s\000i\000o\000n}{section.2.1}% 8
\BOOKMARK [2][-]{subsection.2.1.2}{\376\377\000C\000h\000a\000l\000l\000e\000n\000g\000e\000\040\0002\000:\000\040\000M\000u\000l\000t\000i\000-\000T\000e\000c\000h\000n\000o\000l\000o\000g\000y\000\040\000S\000t\000a\000c\000k\000\040\000I\000n\000c\000o\000m\000p\000a\000t\000i\000b\000i\000l\000i\000t\000y}{section.2.1}% 9
\BOOKMARK [2][-]{subsection.2.1.3}{\376\377\000C\000h\000a\000l\000l\000e\000n\000g\000e\000\040\0003\000:\000\040\000P\000e\000r\000f\000o\000r\000m\000a\000n\000c\000e\000\040\000B\000o\000t\000t\000l\000e\000n\000e\000c\000k\000s}{section.2.1}% 10
\BOOKMARK [2][-]{subsection.2.1.4}{\376\377\000C\000h\000a\000l\000l\000e\000n\000g\000e\000\040\0004\000:\000\040\000M\000e\000t\000a\000d\000a\000t\000a\000\040\000L\000o\000o\000k\000u\000p\000\040\000O\000v\000e\000r\000h\000e\000a\000d}{section.2.1}% 11
\BOOKMARK [0][-]{chapter.3}{\376\377\000T\000e\000c\000h\000n\000i\000c\000a\000l\000\040\000A\000r\000c\000h\000i\000t\000e\000c\000t\000u\000r\000e}{}% 12
\BOOKMARK [1][-]{section.3.1}{\376\377\000C\000o\000r\000e\000\040\000D\000e\000s\000i\000g\000n\000\040\000P\000h\000i\000l\000o\000s\000o\000p\000h\000y}{chapter.3}% 13
\BOOKMARK [1][-]{section.3.2}{\376\377\000F\000i\000l\000e\000\040\000F\000o\000r\000m\000a\000t\000\040\000S\000t\000r\000u\000c\000t\000u\000r\000e}{chapter.3}% 14
\BOOKMARK [1][-]{section.3.3}{\376\377\000C\000o\000m\000p\000r\000e\000s\000s\000i\000o\000n\000\040\000C\000o\000d\000e\000c\000s}{chapter.3}% 15
\BOOKMARK [2][-]{subsection.3.3.1}{\376\377\000R\000L\000E\000\040\000\050\000R\000u\000n\000-\000L\000e\000n\000g\000t\000h\000\040\000E\000n\000c\000o\000d\000i\000n\000g\000\051}{section.3.3}% 16
\BOOKMARK [2][-]{subsection.3.3.2}{\376\377\000D\000i\000c\000t\000i\000o\000n\000a\000r\000y\000\040\000C\000o\000m\000p\000r\000e\000s\000s\000i\000o\000n}{section.3.3}% 17
\BOOKMARK [2][-]{subsection.3.3.3}{\376\377\000F\000r\000a\000m\000e\000-\000B\000a\000s\000e\000d\000\040\000O\000r\000g\000a\000n\000i\000z\000a\000t\000i\000o\000n\000\040\000\050\000F\000O\000R\000\051}{section.3.3}% 18
\BOOKMARK [2][-]{subsection.3.3.4}{\376\377\000L\000Z\000S\000S}{section.3.3}% 19
\BOOKMARK [0][-]{chapter.4}{\376\377\000P\000e\000r\000f\000o\000r\000m\000a\000n\000c\000e\000\040\000A\000n\000a\000l\000y\000s\000i\000s}{}% 20
\BOOKMARK [1][-]{section.4.1}{\376\377\000B\000e\000n\000c\000h\000m\000a\000r\000k\000\040\000R\000e\000s\000u\000l\000t\000s}{chapter.4}% 21
\BOOKMARK [2][-]{subsection.4.1.1}{\376\377\000T\000e\000s\000t\000\040\000C\000o\000n\000f\000i\000g\000u\000r\000a\000t\000i\000o\000n}{section.4.1}% 22
\BOOKMARK [2][-]{subsection.4.1.2}{\376\377\000P\000e\000r\000f\000o\000r\000m\000a\000n\000c\000e\000\040\000M\000e\000t\000r\000i\000c\000s}{section.4.1}% 23
\BOOKMARK [1][-]{section.4.2}{\376\377\000S\000c\000a\000l\000a\000b\000i\000l\000i\000t\000y\000\040\000A\000n\000a\000l\000y\000s\000i\000s}{chapter.4}% 24
\BOOKMARK [0][-]{chapter.5}{\376\377\000R\000e\000a\000l\000-\000W\000o\000r\000l\000d\000\040\000U\000s\000e\000\040\000C\000a\000s\000e\000s}{}% 25
\BOOKMARK [1][-]{section.5.1}{\376\377\000E\000n\000t\000e\000r\000p\000r\000i\000s\000e\000\040\000D\000a\000t\000a\000\040\000W\000a\000r\000e\000h\000o\000u\000s\000e}{chapter.5}% 26
\BOOKMARK [2][-]{subsection.5.1.1}{\376\377\000S\000c\000e\000n\000a\000r\000i\000o}{section.5.1}% 27
\BOOKMARK [2][-]{subsection.5.1.2}{\376\377\000K\000O\000R\000E\000\040\000S\000o\000l\000u\000t\000i\000o\000n}{section.5.1}% 28
\BOOKMARK [2][-]{subsection.5.1.3}{\376\377\000M\000e\000t\000r\000i\000c\000s}{section.5.1}% 29
\BOOKMARK [1][-]{section.5.2}{\376\377\000R\000e\000a\000l\000-\000T\000i\000m\000e\000\040\000D\000a\000t\000a\000\040\000P\000i\000p\000e\000l\000i\000n\000e}{chapter.5}% 30
\BOOKMARK [2][-]{subsection.5.2.1}{\376\377\000S\000c\000e\000n\000a\000r\000i\000o}{section.5.2}% 31
\BOOKMARK [2][-]{subsection.5.2.2}{\376\377\000K\000O\000R\000E\000\040\000S\000o\000l\000u\000t\000i\000o\000n}{section.5.2}% 32
\BOOKMARK [2][-]{subsection.5.2.3}{\376\377\000M\000e\000t\000r\000i\000c\000s}{section.5.2}% 33
\BOOKMARK [0][-]{chapter.6}{\376\377\000I\000m\000p\000l\000e\000m\000e\000n\000t\000a\000t\000i\000o\000n\000\040\000G\000u\000i\000d\000e}{}% 34
\BOOKMARK [1][-]{section.6.1}{\376\377\000P\000y\000t\000h\000o\000n\000\040\000I\000m\000p\000l\000e\000m\000e\000n\000t\000a\000t\000i\000o\000n}{chapter.6}% 35
\BOOKMARK [1][-]{section.6.2}{\376\377\000J\000a\000v\000a\000S\000c\000r\000i\000p\000t\000\040\000I\000m\000p\000l\000e\000m\000e\000n\000t\000a\000t\000i\000o\000n}{chapter.6}% 36
\BOOKMARK [1][-]{section.6.3}{\376\377\000M\000u\000l\000t\000i\000-\000L\000a\000n\000g\000u\000a\000g\000e\000\040\000S\000u\000p\000p\000o\000r\000t}{chapter.6}% 37
\BOOKMARK [0][-]{chapter.7}{\376\377\000M\000a\000r\000k\000e\000t\000\040\000A\000n\000a\000l\000y\000s\000i\000s}{}% 38
\BOOKMARK [1][-]{section.7.1}{\376\377\000M\000a\000r\000k\000e\000t\000\040\000S\000i\000z\000e}{chapter.7}% 39
\BOOKMARK [2][-]{subsection.7.1.1}{\376\377\000G\000l\000o\000b\000a\000l\000\040\000D\000a\000t\000a\000\040\000M\000a\000r\000k\000e\000t}{section.7.1}% 40
\BOOKMARK [2][-]{subsection.7.1.2}{\376\377\000K\000O\000R\000E\000\040\000A\000d\000d\000r\000e\000s\000s\000a\000b\000l\000e\000\040\000M\000a\000r\000k\000e\000t}{section.7.1}% 41
\BOOKMARK [1][-]{section.7.2}{\376\377\000C\000o\000m\000p\000e\000t\000i\000t\000i\000v\000e\000\040\000P\000o\000s\000i\000t\000i\000o\000n\000i\000n\000g}{chapter.7}% 42
\BOOKMARK [0][-]{chapter.8}{\376\377\000C\000o\000n\000c\000l\000u\000s\000i\000o\000n}{}% 43
\BOOKMARK [1][-]{section.8.1}{\376\377\000K\000e\000y\000\040\000T\000a\000k\000e\000a\000w\000a\000y\000s}{chapter.8}% 44
\BOOKMARK [1][-]{section.8.2}{\376\377\000P\000r\000o\000d\000u\000c\000t\000i\000o\000n\000\040\000R\000e\000a\000d\000i\000n\000e\000s\000s}{chapter.8}% 45
\BOOKMARK [1][-]{section.8.3}{\376\377\000C\000a\000l\000l\000\040\000t\000o\000\040\000A\000c\000t\000i\000o\000n}{chapter.8}% 46
\BOOKMARK [0][-]{appendix.A}{\376\377\000B\000e\000n\000c\000h\000m\000a\000r\000k\000\040\000D\000a\000t\000a}{}% 47
\BOOKMARK [1][-]{section.A.1}{\376\377\000R\000a\000w\000\040\000B\000e\000n\000c\000h\000m\000a\000r\000k\000\040\000R\000e\000s\000u\000l\000t\000s}{appendix.A}% 48
\BOOKMARK [1][-]{section.A.2}{\376\377\000S\000t\000a\000t\000i\000s\000t\000i\000c\000a\000l\000\040\000A\000n\000a\000l\000y\000s\000i\000s}{appendix.A}% 49
\BOOKMARK [0][-]{appendix.B}{\376\377\000T\000e\000s\000t\000\040\000C\000o\000v\000e\000r\000a\000g\000e\000\040\000R\000e\000p\000o\000r\000t}{}% 50
\BOOKMARK [0][-]{appendix.C}{\376\377\000R\000e\000f\000e\000r\000e\000n\000c\000e\000s}{}% 51
